[08-Nov-2019 15:14:10 Europe/London] PHP Parse error:  syntax error, unexpected '}' in D:\Inetpub\wwwroot\johng\jg_monty\Snowden-master\auth\account.php on line 32
[08-Nov-2019 15:16:15 Europe/London] PHP Warning:  include(../login.html): failed to open stream: No such file or directory in D:\Inetpub\wwwroot\johng\jg_monty\Snowden-master\auth\account.php on line 30
[08-Nov-2019 15:16:15 Europe/London] PHP Warning:  include(): Failed opening '../login.html' for inclusion (include_path='.;D:\Inetpub\php_includes') in D:\Inetpub\wwwroot\johng\jg_monty\Snowden-master\auth\account.php on line 30
[08-Nov-2019 15:16:19 Europe/London] PHP Warning:  include(../login.html): failed to open stream: No such file or directory in D:\Inetpub\wwwroot\johng\jg_monty\Snowden-master\auth\account.php on line 30
[08-Nov-2019 15:16:19 Europe/London] PHP Warning:  include(): Failed opening '../login.html' for inclusion (include_path='.;D:\Inetpub\php_includes') in D:\Inetpub\wwwroot\johng\jg_monty\Snowden-master\auth\account.php on line 30
[08-Nov-2019 15:16:28 Europe/London] PHP Warning:  include(../login.html): failed to open stream: No such file or directory in D:\Inetpub\wwwroot\johng\jg_monty\Snowden-master\auth\account.php on line 30
[08-Nov-2019 15:16:28 Europe/London] PHP Warning:  include(): Failed opening '../login.html' for inclusion (include_path='.;D:\Inetpub\php_includes') in D:\Inetpub\wwwroot\johng\jg_monty\Snowden-master\auth\account.php on line 30
[08-Nov-2019 15:16:55 Europe/London] PHP Warning:  include(../login.html): failed to open stream: No such file or directory in D:\Inetpub\wwwroot\johng\jg_monty\Snowden-master\auth\account.php on line 30
[08-Nov-2019 15:16:55 Europe/London] PHP Warning:  include(): Failed opening '../login.html' for inclusion (include_path='.;D:\Inetpub\php_includes') in D:\Inetpub\wwwroot\johng\jg_monty\Snowden-master\auth\account.php on line 30
[08-Nov-2019 15:16:57 Europe/London] PHP Warning:  include(../login.html): failed to open stream: No such file or directory in D:\Inetpub\wwwroot\johng\jg_monty\Snowden-master\auth\account.php on line 30
[08-Nov-2019 15:16:57 Europe/London] PHP Warning:  include(): Failed opening '../login.html' for inclusion (include_path='.;D:\Inetpub\php_includes') in D:\Inetpub\wwwroot\johng\jg_monty\Snowden-master\auth\account.php on line 30
[08-Nov-2019 15:16:57 Europe/London] PHP Warning:  include(../login.html): failed to open stream: No such file or directory in D:\Inetpub\wwwroot\johng\jg_monty\Snowden-master\auth\account.php on line 30
[08-Nov-2019 15:16:57 Europe/London] PHP Warning:  include(): Failed opening '../login.html' for inclusion (include_path='.;D:\Inetpub\php_includes') in D:\Inetpub\wwwroot\johng\jg_monty\Snowden-master\auth\account.php on line 30
[08-Nov-2019 15:17:07 Europe/London] PHP Warning:  include(../login.html): failed to open stream: No such file or directory in D:\Inetpub\wwwroot\johng\jg_monty\Snowden-master\auth\account.php on line 30
[08-Nov-2019 15:17:07 Europe/London] PHP Warning:  include(): Failed opening '../login.html' for inclusion (include_path='.;D:\Inetpub\php_includes') in D:\Inetpub\wwwroot\johng\jg_monty\Snowden-master\auth\account.php on line 30
[08-Nov-2019 15:17:16 Europe/London] PHP Warning:  include(../login.html): failed to open stream: No such file or directory in D:\Inetpub\wwwroot\johng\jg_monty\Snowden-master\auth\account.php on line 30
[08-Nov-2019 15:17:16 Europe/London] PHP Warning:  include(): Failed opening '../login.html' for inclusion (include_path='.;D:\Inetpub\php_includes') in D:\Inetpub\wwwroot\johng\jg_monty\Snowden-master\auth\account.php on line 30
[08-Nov-2019 15:17:18 Europe/London] PHP Warning:  include(../login.html): failed to open stream: No such file or directory in D:\Inetpub\wwwroot\johng\jg_monty\Snowden-master\auth\account.php on line 30
[08-Nov-2019 15:17:18 Europe/London] PHP Warning:  include(): Failed opening '../login.html' for inclusion (include_path='.;D:\Inetpub\php_includes') in D:\Inetpub\wwwroot\johng\jg_monty\Snowden-master\auth\account.php on line 30
[08-Nov-2019 15:17:25 Europe/London] PHP Warning:  include(../login.html): failed to open stream: No such file or directory in D:\Inetpub\wwwroot\johng\jg_monty\Snowden-master\auth\account.php on line 30
[08-Nov-2019 15:17:25 Europe/London] PHP Warning:  include(): Failed opening '../login.html' for inclusion (include_path='.;D:\Inetpub\php_includes') in D:\Inetpub\wwwroot\johng\jg_monty\Snowden-master\auth\account.php on line 30
[08-Nov-2019 15:18:35 Europe/London] PHP Parse error:  syntax error, unexpected end of file, expecting elseif (T_ELSEIF) or else (T_ELSE) or endif (T_ENDIF) in D:\Inetpub\wwwroot\johng\jg_monty\Snowden-master\auth\account.php on line 33
[08-Nov-2019 15:18:39 Europe/London] PHP Parse error:  syntax error, unexpected end of file, expecting elseif (T_ELSEIF) or else (T_ELSE) or endif (T_ENDIF) in D:\Inetpub\wwwroot\johng\jg_monty\Snowden-master\auth\account.php on line 33
[08-Nov-2019 15:19:17 Europe/London] PHP Warning:  include(/johng/jg_monty/Snowden-master/navbar.png): failed to open stream: No such file or directory in D:\Inetpub\wwwroot\johng\jg_monty\Snowden-master\auth\account.php on line 25
[08-Nov-2019 15:19:17 Europe/London] PHP Warning:  include(): Failed opening '/johng/jg_monty/Snowden-master/navbar.png' for inclusion (include_path='.;D:\Inetpub\php_includes') in D:\Inetpub\wwwroot\johng\jg_monty\Snowden-master\auth\account.php on line 25
[08-Nov-2019 15:19:17 Europe/London] PHP Notice:  Undefined variable: _SESSION in D:\Inetpub\wwwroot\johng\jg_monty\Snowden-master\auth\account.php on line 27
[08-Nov-2019 15:19:17 Europe/London] PHP Warning:  include(/johng/jg_monty/Snowden-master/login.html): failed to open stream: No such file or directory in D:\Inetpub\wwwroot\johng\jg_monty\Snowden-master\auth\account.php on line 30
[08-Nov-2019 15:19:17 Europe/London] PHP Warning:  include(): Failed opening '/johng/jg_monty/Snowden-master/login.html' for inclusion (include_path='.;D:\Inetpub\php_includes') in D:\Inetpub\wwwroot\johng\jg_monty\Snowden-master\auth\account.php on line 30
[08-Nov-2019 15:19:29 Europe/London] PHP Warning:  include(/johng/jg_monty/Snowden-master/navbar.html): failed to open stream: No such file or directory in D:\Inetpub\wwwroot\johng\jg_monty\Snowden-master\auth\account.php on line 25
[08-Nov-2019 15:19:29 Europe/London] PHP Warning:  include(): Failed opening '/johng/jg_monty/Snowden-master/navbar.html' for inclusion (include_path='.;D:\Inetpub\php_includes') in D:\Inetpub\wwwroot\johng\jg_monty\Snowden-master\auth\account.php on line 25
[08-Nov-2019 15:19:29 Europe/London] PHP Notice:  Undefined variable: _SESSION in D:\Inetpub\wwwroot\johng\jg_monty\Snowden-master\auth\account.php on line 27
[08-Nov-2019 15:19:29 Europe/London] PHP Warning:  include(/johng/jg_monty/Snowden-master/login.html): failed to open stream: No such file or directory in D:\Inetpub\wwwroot\johng\jg_monty\Snowden-master\auth\account.php on line 30
[08-Nov-2019 15:19:29 Europe/London] PHP Warning:  include(): Failed opening '/johng/jg_monty/Snowden-master/login.html' for inclusion (include_path='.;D:\Inetpub\php_includes') in D:\Inetpub\wwwroot\johng\jg_monty\Snowden-master\auth\account.php on line 30
[08-Nov-2019 15:19:36 Europe/London] PHP Warning:  include(/johng/jg_monty/Snowden-master/navbar.html): failed to open stream: No such file or directory in D:\Inetpub\wwwroot\johng\jg_monty\Snowden-master\auth\account.php on line 25
[08-Nov-2019 15:19:36 Europe/London] PHP Warning:  include(): Failed opening '/johng/jg_monty/Snowden-master/navbar.html' for inclusion (include_path='.;D:\Inetpub\php_includes') in D:\Inetpub\wwwroot\johng\jg_monty\Snowden-master\auth\account.php on line 25
[08-Nov-2019 15:19:36 Europe/London] PHP Notice:  Undefined variable: _SESSION in D:\Inetpub\wwwroot\johng\jg_monty\Snowden-master\auth\account.php on line 27
[08-Nov-2019 15:19:36 Europe/London] PHP Warning:  include(/johng/jg_monty/Snowden-master/login.html): failed to open stream: No such file or directory in D:\Inetpub\wwwroot\johng\jg_monty\Snowden-master\auth\account.php on line 30
[08-Nov-2019 15:19:36 Europe/London] PHP Warning:  include(): Failed opening '/johng/jg_monty/Snowden-master/login.html' for inclusion (include_path='.;D:\Inetpub\php_includes') in D:\Inetpub\wwwroot\johng\jg_monty\Snowden-master\auth\account.php on line 30
[08-Nov-2019 15:19:49 Europe/London] PHP Warning:  require(/johng/jg_monty/Snowden-master/navbar.html): failed to open stream: No such file or directory in D:\Inetpub\wwwroot\johng\jg_monty\Snowden-master\auth\account.php on line 25
[08-Nov-2019 15:19:49 Europe/London] PHP Fatal error:  require(): Failed opening required '/johng/jg_monty/Snowden-master/navbar.html' (include_path='.;D:\Inetpub\php_includes') in D:\Inetpub\wwwroot\johng\jg_monty\Snowden-master\auth\account.php on line 25
[08-Nov-2019 15:20:14 Europe/London] PHP Warning:  require(/johng/jg_monty/Snowden-master/navbar.html): failed to open stream: No such file or directory in D:\Inetpub\wwwroot\johng\jg_monty\Snowden-master\auth\account.php on line 25
[08-Nov-2019 15:20:14 Europe/London] PHP Fatal error:  require(): Failed opening required '/johng/jg_monty/Snowden-master/navbar.html' (include_path='.;D:\Inetpub\php_includes') in D:\Inetpub\wwwroot\johng\jg_monty\Snowden-master\auth\account.php on line 25
[08-Nov-2019 15:20:19 Europe/London] PHP Warning:  require(/johng/jg_monty/Snowden-master/navbar.html): failed to open stream: No such file or directory in D:\Inetpub\wwwroot\johng\jg_monty\Snowden-master\auth\account.php on line 25
[08-Nov-2019 15:20:19 Europe/London] PHP Fatal error:  require(): Failed opening required '/johng/jg_monty/Snowden-master/navbar.html' (include_path='.;D:\Inetpub\php_includes') in D:\Inetpub\wwwroot\johng\jg_monty\Snowden-master\auth\account.php on line 25
[08-Nov-2019 15:20:21 Europe/London] PHP Warning:  require(/johng/jg_monty/Snowden-master/navbar.html): failed to open stream: No such file or directory in D:\Inetpub\wwwroot\johng\jg_monty\Snowden-master\auth\account.php on line 25
[08-Nov-2019 15:20:21 Europe/London] PHP Fatal error:  require(): Failed opening required '/johng/jg_monty/Snowden-master/navbar.html' (include_path='.;D:\Inetpub\php_includes') in D:\Inetpub\wwwroot\johng\jg_monty\Snowden-master\auth\account.php on line 25
[08-Nov-2019 15:20:32 Europe/London] PHP Warning:  require(/johng/jg_monty/Snowden-master/navbar.html): failed to open stream: No such file or directory in D:\Inetpub\wwwroot\johng\jg_monty\Snowden-master\auth\account.php on line 25
[08-Nov-2019 15:20:32 Europe/London] PHP Fatal error:  require(): Failed opening required '/johng/jg_monty/Snowden-master/navbar.html' (include_path='.;D:\Inetpub\php_includes') in D:\Inetpub\wwwroot\johng\jg_monty\Snowden-master\auth\account.php on line 25
[08-Nov-2019 15:20:33 Europe/London] PHP Warning:  require(/johng/jg_monty/Snowden-master/navbar.html): failed to open stream: No such file or directory in D:\Inetpub\wwwroot\johng\jg_monty\Snowden-master\auth\account.php on line 25
[08-Nov-2019 15:20:33 Europe/London] PHP Fatal error:  require(): Failed opening required '/johng/jg_monty/Snowden-master/navbar.html' (include_path='.;D:\Inetpub\php_includes') in D:\Inetpub\wwwroot\johng\jg_monty\Snowden-master\auth\account.php on line 25
[08-Nov-2019 15:20:39 Europe/London] PHP Notice:  Undefined variable: _SESSION in D:\Inetpub\wwwroot\johng\jg_monty\Snowden-master\auth\account.php on line 27
[08-Nov-2019 15:21:10 Europe/London] PHP Notice:  Undefined variable: _SESSION in D:\Inetpub\wwwroot\johng\jg_monty\Snowden-master\auth\account.php on line 27
[08-Nov-2019 15:22:04 Europe/London] PHP Notice:  Undefined index: LOGGED-IN in D:\Inetpub\wwwroot\johng\jg_monty\Snowden-master\auth\account.php on line 30
[08-Nov-2019 15:22:45 Europe/London] PHP Parse error:  syntax error, unexpected 'require' (T_REQUIRE) in D:\Inetpub\wwwroot\johng\jg_monty\Snowden-master\auth\account.php on line 27
[08-Nov-2019 15:22:51 Europe/London] PHP Notice:  Undefined variable: _SESSION in D:\Inetpub\wwwroot\johng\jg_monty\Snowden-master\auth\account.php on line 27
[08-Nov-2019 15:22:53 Europe/London] PHP Notice:  Undefined variable: _SESSION in D:\Inetpub\wwwroot\johng\jg_monty\Snowden-master\auth\account.php on line 27
[08-Nov-2019 15:23:15 Europe/London] PHP Notice:  Undefined index: USERNAME in D:\Inetpub\wwwroot\johng\jg_monty\Snowden-master\auth\account.php on line 29
[08-Nov-2019 15:23:29 Europe/London] PHP Notice:  Undefined index: LOGGED-IN in D:\Inetpub\wwwroot\johng\jg_monty\Snowden-master\auth\account.php on line 30
[08-Nov-2019 15:23:34 Europe/London] PHP Notice:  Undefined index: USERNAME in D:\Inetpub\wwwroot\johng\jg_monty\Snowden-master\auth\account.php on line 30
[08-Nov-2019 15:23:40 Europe/London] PHP Notice:  Undefined index: USERNAME in D:\Inetpub\wwwroot\johng\jg_monty\Snowden-master\auth\account.php on line 30
[08-Nov-2019 15:23:52 Europe/London] PHP Notice:  Undefined index: USERNAME in D:\Inetpub\wwwroot\johng\jg_monty\Snowden-master\auth\account.php on line 30
[08-Nov-2019 15:24:08 Europe/London] PHP Notice:  Undefined index: USERNAME in D:\Inetpub\wwwroot\johng\jg_monty\Snowden-master\auth\account.php on line 30
[08-Nov-2019 15:24:35 Europe/London] PHP Notice:  Undefined index: USERNAME in D:\Inetpub\wwwroot\johng\jg_monty\Snowden-master\auth\account.php on line 31
[08-Nov-2019 15:25:44 Europe/London] PHP Warning:  require(../navbar.html): failed to open stream: No such file or directory in D:\Inetpub\wwwroot\johng\jg_monty\Snowden-master\auth\account.php on line 28
[08-Nov-2019 15:25:44 Europe/London] PHP Fatal error:  require(): Failed opening required '../navbar.html' (include_path='.;D:\Inetpub\php_includes') in D:\Inetpub\wwwroot\johng\jg_monty\Snowden-master\auth\account.php on line 28
[08-Nov-2019 15:25:48 Europe/London] PHP Warning:  require(../navbar.html): failed to open stream: No such file or directory in D:\Inetpub\wwwroot\johng\jg_monty\Snowden-master\auth\account.php on line 28
[08-Nov-2019 15:25:48 Europe/London] PHP Fatal error:  require(): Failed opening required '../navbar.html' (include_path='.;D:\Inetpub\php_includes') in D:\Inetpub\wwwroot\johng\jg_monty\Snowden-master\auth\account.php on line 28
[08-Nov-2019 15:36:28 Europe/London] PHP Parse error:  syntax error, unexpected 'elseif' (T_ELSEIF) in D:\Inetpub\wwwroot\johng\jg_monty\Snowden-master\auth\account.php on line 35
[08-Nov-2019 15:36:36 Europe/London] PHP Parse error:  syntax error, unexpected 'elseif' (T_ELSEIF) in D:\Inetpub\wwwroot\johng\jg_monty\Snowden-master\auth\account.php on line 35
[08-Nov-2019 15:41:13 Europe/London] PHP Notice:  Undefined index: FieldUsername in D:\Inetpub\wwwroot\johng\jg_monty\Snowden-master\auth\account.php on line 7
[08-Nov-2019 15:41:13 Europe/London] PHP Notice:  Undefined index: FieldPassword in D:\Inetpub\wwwroot\johng\jg_monty\Snowden-master\auth\account.php on line 8
