[22-Nov-2019 14:24:58 Europe/London] PHP Warning:  Invalid argument supplied for foreach() in D:\Inetpub\wwwroot\johng\jg_monty\Snowden\Snowden-master\frontpage.php on line 50
[22-Nov-2019 14:26:12 Europe/London] PHP Warning:  Invalid argument supplied for foreach() in D:\Inetpub\wwwroot\johng\jg_monty\Snowden\Snowden-master\frontpage.php on line 41
[22-Nov-2019 14:26:58 Europe/London] PHP Warning:  include(D:\Inetpub\wwwroot\johng\jg_monty\Snowden\Snowden-master\frontpage.php): failed to open stream: No such file or directory in D:\Inetpub\wwwroot\johng\jg_monty\Snowden\Snowden-master\index.php on line 33
[22-Nov-2019 14:26:58 Europe/London] PHP Warning:  include(): Failed opening 'frontpage.php' for inclusion (include_path='.;D:\Inetpub\php_includes') in D:\Inetpub\wwwroot\johng\jg_monty\Snowden\Snowden-master\index.php on line 33
[22-Nov-2019 14:27:37 Europe/London] PHP Warning:  Invalid argument supplied for foreach() in D:\Inetpub\wwwroot\johng\jg_monty\Snowden\Snowden-master\frontpage.php on line 50
[22-Nov-2019 15:01:49 Europe/London] PHP Warning:  include(stories.php): failed to open stream: No such file or directory in D:\Inetpub\wwwroot\johng\jg_luke\Snowden\Snowden-master\index.php on line 31
[22-Nov-2019 15:01:49 Europe/London] PHP Warning:  include(): Failed opening 'stories.php' for inclusion (include_path='.;D:\Inetpub\php_includes') in D:\Inetpub\wwwroot\johng\jg_luke\Snowden\Snowden-master\index.php on line 31
[29-Nov-2019 13:41:13 Europe/London] PHP Notice:  Undefined variable: result in D:\Inetpub\wwwroot\johng\jg_luke\Snowden\Snowden-master\frontpage.php on line 10
[29-Nov-2019 13:41:13 Europe/London] PHP Warning:  Invalid argument supplied for foreach() in D:\Inetpub\wwwroot\johng\jg_luke\Snowden\Snowden-master\frontpage.php on line 10
[29-Nov-2019 13:45:44 Europe/London] PHP Warning:  include(stories.php): failed to open stream: No such file or directory in D:\Inetpub\wwwroot\johng\jg_luke\Snowden\Snowden-master\index.php on line 31
[29-Nov-2019 13:45:44 Europe/London] PHP Warning:  include(): Failed opening 'stories.php' for inclusion (include_path='.;D:\Inetpub\php_includes') in D:\Inetpub\wwwroot\johng\jg_luke\Snowden\Snowden-master\index.php on line 31
[06-Dec-2019 14:51:50 Europe/London] PHP Notice:  Undefined variable: mysqlConnection in D:\Inetpub\wwwroot\johng\jg_luke\Snowden\Snowden-master\frontpage.php on line 3
[06-Dec-2019 14:51:50 Europe/London] PHP Fatal error:  Uncaught Error: Call to a member function query() on null in D:\Inetpub\wwwroot\johng\jg_luke\Snowden\Snowden-master\frontpage.php:3
Stack trace:
#0 D:\Inetpub\wwwroot\johng\jg_luke\Snowden\Snowden-master\index.php(22): include()
#1 {main}
  thrown in D:\Inetpub\wwwroot\johng\jg_luke\Snowden\Snowden-master\frontpage.php on line 3
[06-Dec-2019 14:51:54 Europe/London] PHP Notice:  Undefined variable: mysqlConnection in D:\Inetpub\wwwroot\johng\jg_luke\Snowden\Snowden-master\frontpage.php on line 3
[06-Dec-2019 14:51:54 Europe/London] PHP Fatal error:  Uncaught Error: Call to a member function query() on null in D:\Inetpub\wwwroot\johng\jg_luke\Snowden\Snowden-master\frontpage.php:3
Stack trace:
#0 D:\Inetpub\wwwroot\johng\jg_luke\Snowden\Snowden-master\index.php(22): include()
#1 {main}
  thrown in D:\Inetpub\wwwroot\johng\jg_luke\Snowden\Snowden-master\frontpage.php on line 3
[06-Dec-2019 14:51:54 Europe/London] PHP Notice:  Undefined variable: mysqlConnection in D:\Inetpub\wwwroot\johng\jg_luke\Snowden\Snowden-master\frontpage.php on line 3
[06-Dec-2019 14:51:54 Europe/London] PHP Fatal error:  Uncaught Error: Call to a member function query() on null in D:\Inetpub\wwwroot\johng\jg_luke\Snowden\Snowden-master\frontpage.php:3
Stack trace:
#0 D:\Inetpub\wwwroot\johng\jg_luke\Snowden\Snowden-master\index.php(22): include()
#1 {main}
  thrown in D:\Inetpub\wwwroot\johng\jg_luke\Snowden\Snowden-master\frontpage.php on line 3
[06-Dec-2019 14:51:55 Europe/London] PHP Warning:  include(topics.php): failed to open stream: No such file or directory in D:\Inetpub\wwwroot\johng\jg_luke\Snowden\Snowden-master\index.php on line 22
[06-Dec-2019 14:51:55 Europe/London] PHP Warning:  include(): Failed opening 'topics.php' for inclusion (include_path='.;D:\Inetpub\php_includes') in D:\Inetpub\wwwroot\johng\jg_luke\Snowden\Snowden-master\index.php on line 22
[06-Dec-2019 14:51:55 Europe/London] PHP Notice:  Undefined variable: mysqlConnection in D:\Inetpub\wwwroot\johng\jg_luke\Snowden\Snowden-master\frontpage.php on line 3
[06-Dec-2019 14:51:55 Europe/London] PHP Fatal error:  Uncaught Error: Call to a member function query() on null in D:\Inetpub\wwwroot\johng\jg_luke\Snowden\Snowden-master\frontpage.php:3
Stack trace:
#0 D:\Inetpub\wwwroot\johng\jg_luke\Snowden\Snowden-master\index.php(22): include()
#1 {main}
  thrown in D:\Inetpub\wwwroot\johng\jg_luke\Snowden\Snowden-master\frontpage.php on line 3
[06-Dec-2019 14:57:16 Europe/London] PHP Notice:  Undefined variable: result in D:\Inetpub\wwwroot\johng\jg_luke\Snowden\Snowden-master\frontpage.php on line 8
[06-Dec-2019 14:57:16 Europe/London] PHP Warning:  Invalid argument supplied for foreach() in D:\Inetpub\wwwroot\johng\jg_luke\Snowden\Snowden-master\frontpage.php on line 8
[06-Dec-2019 14:57:17 Europe/London] PHP Warning:  include(topics.php): failed to open stream: No such file or directory in D:\Inetpub\wwwroot\johng\jg_luke\Snowden\Snowden-master\index.php on line 22
[06-Dec-2019 14:57:17 Europe/London] PHP Warning:  include(): Failed opening 'topics.php' for inclusion (include_path='.;D:\Inetpub\php_includes') in D:\Inetpub\wwwroot\johng\jg_luke\Snowden\Snowden-master\index.php on line 22
[06-Dec-2019 14:57:17 Europe/London] PHP Notice:  Undefined variable: result in D:\Inetpub\wwwroot\johng\jg_luke\Snowden\Snowden-master\frontpage.php on line 8
[06-Dec-2019 14:57:17 Europe/London] PHP Warning:  Invalid argument supplied for foreach() in D:\Inetpub\wwwroot\johng\jg_luke\Snowden\Snowden-master\frontpage.php on line 8
[06-Dec-2019 14:58:23 Europe/London] PHP Warning:  include(story.php): failed to open stream: No such file or directory in D:\Inetpub\wwwroot\johng\jg_luke\Snowden\Snowden-master\frontpage.php on line 2
[06-Dec-2019 14:58:23 Europe/London] PHP Warning:  include(): Failed opening 'story.php' for inclusion (include_path='.;D:\Inetpub\php_includes') in D:\Inetpub\wwwroot\johng\jg_luke\Snowden\Snowden-master\frontpage.php on line 2
[06-Dec-2019 14:58:23 Europe/London] PHP Notice:  Undefined variable: result in D:\Inetpub\wwwroot\johng\jg_luke\Snowden\Snowden-master\frontpage.php on line 11
[06-Dec-2019 14:58:23 Europe/London] PHP Warning:  Invalid argument supplied for foreach() in D:\Inetpub\wwwroot\johng\jg_luke\Snowden\Snowden-master\frontpage.php on line 11
[06-Dec-2019 14:58:37 Europe/London] PHP Parse error:  syntax error, unexpected '(', expecting '{' in D:\Inetpub\wwwroot\johng\jg_luke\Snowden\Snowden-master\scripts\story.php on line 6
[06-Dec-2019 14:59:00 Europe/London] PHP Parse error:  syntax error, unexpected '(', expecting '{' in D:\Inetpub\wwwroot\johng\jg_luke\Snowden\Snowden-master\scripts\story.php on line 6
[06-Dec-2019 14:59:26 Europe/London] PHP Parse error:  syntax error, unexpected '(', expecting '{' in D:\Inetpub\wwwroot\johng\jg_luke\Snowden\Snowden-master\scripts\story.php on line 6
[06-Dec-2019 15:02:41 Europe/London] PHP Parse error:  syntax error, unexpected '(', expecting '{' in D:\Inetpub\wwwroot\johng\jg_luke\Snowden\Snowden-master\scripts\story.php on line 6
[06-Dec-2019 15:02:50 Europe/London] PHP Parse error:  syntax error, unexpected '(', expecting '{' in D:\Inetpub\wwwroot\johng\jg_luke\Snowden\Snowden-master\scripts\story.php on line 6
[06-Dec-2019 15:09:13 Europe/London] PHP Parse error:  syntax error, unexpected '(', expecting '{' in D:\Inetpub\wwwroot\johng\jg_luke\Snowden\Snowden-master\scripts\story.php on line 10
[06-Dec-2019 15:09:14 Europe/London] PHP Parse error:  syntax error, unexpected '(', expecting '{' in D:\Inetpub\wwwroot\johng\jg_luke\Snowden\Snowden-master\scripts\story.php on line 10
[06-Dec-2019 15:09:14 Europe/London] PHP Parse error:  syntax error, unexpected '(', expecting '{' in D:\Inetpub\wwwroot\johng\jg_luke\Snowden\Snowden-master\scripts\story.php on line 10
[06-Dec-2019 15:09:14 Europe/London] PHP Parse error:  syntax error, unexpected '(', expecting '{' in D:\Inetpub\wwwroot\johng\jg_luke\Snowden\Snowden-master\scripts\story.php on line 10
[06-Dec-2019 15:09:15 Europe/London] PHP Parse error:  syntax error, unexpected '(', expecting '{' in D:\Inetpub\wwwroot\johng\jg_luke\Snowden\Snowden-master\scripts\story.php on line 10
[06-Dec-2019 15:09:15 Europe/London] PHP Parse error:  syntax error, unexpected '(', expecting '{' in D:\Inetpub\wwwroot\johng\jg_luke\Snowden\Snowden-master\scripts\story.php on line 10
[06-Dec-2019 15:09:15 Europe/London] PHP Parse error:  syntax error, unexpected '(', expecting '{' in D:\Inetpub\wwwroot\johng\jg_luke\Snowden\Snowden-master\scripts\story.php on line 10
[06-Dec-2019 15:10:28 Europe/London] PHP Parse error:  syntax error, unexpected '(', expecting '{' in D:\Inetpub\wwwroot\johng\jg_luke\Snowden\Snowden-master\scripts\story.php on line 10
[06-Dec-2019 15:10:30 Europe/London] PHP Parse error:  syntax error, unexpected '(', expecting '{' in D:\Inetpub\wwwroot\johng\jg_luke\Snowden\Snowden-master\scripts\story.php on line 10
[06-Dec-2019 15:10:32 Europe/London] PHP Parse error:  syntax error, unexpected '(', expecting '{' in D:\Inetpub\wwwroot\johng\jg_luke\Snowden\Snowden-master\scripts\story.php on line 10
[06-Dec-2019 15:10:54 Europe/London] PHP Parse error:  syntax error, unexpected 'function' (T_FUNCTION), expecting '(' in D:\Inetpub\wwwroot\johng\jg_luke\Snowden\Snowden-master\scripts\story.php on line 17
[06-Dec-2019 15:11:06 Europe/London] PHP Notice:  Undefined variable: mysqlConnection in D:\Inetpub\wwwroot\johng\jg_luke\Snowden\Snowden-master\scripts\story.php on line 4
[06-Dec-2019 15:11:06 Europe/London] PHP Fatal error:  Uncaught Error: Call to a member function query() on null in D:\Inetpub\wwwroot\johng\jg_luke\Snowden\Snowden-master\scripts\story.php:4
Stack trace:
#0 D:\Inetpub\wwwroot\johng\jg_luke\Snowden\Snowden-master\frontpage.php(2): include()
#1 D:\Inetpub\wwwroot\johng\jg_luke\Snowden\Snowden-master\index.php(22): include('D:\\Inetpub\\wwwr...')
#2 {main}
  thrown in D:\Inetpub\wwwroot\johng\jg_luke\Snowden\Snowden-master\scripts\story.php on line 4
[06-Dec-2019 15:13:19 Europe/London] PHP Notice:  Undefined variable: newMysqlConnection in D:\Inetpub\wwwroot\johng\jg_luke\Snowden\Snowden-master\scripts\story.php on line 5
[06-Dec-2019 15:13:19 Europe/London] PHP Fatal error:  Uncaught Error: Call to a member function query() on null in D:\Inetpub\wwwroot\johng\jg_luke\Snowden\Snowden-master\scripts\story.php:5
Stack trace:
#0 D:\Inetpub\wwwroot\johng\jg_luke\Snowden\Snowden-master\frontpage.php(2): include()
#1 D:\Inetpub\wwwroot\johng\jg_luke\Snowden\Snowden-master\index.php(22): include('D:\\Inetpub\\wwwr...')
#2 {main}
  thrown in D:\Inetpub\wwwroot\johng\jg_luke\Snowden\Snowden-master\scripts\story.php on line 5
[06-Dec-2019 15:13:33 Europe/London] PHP Fatal error:  Uncaught Error: Using $this when not in object context in D:\Inetpub\wwwroot\johng\jg_luke\Snowden\Snowden-master\scripts\story.php:5
Stack trace:
#0 D:\Inetpub\wwwroot\johng\jg_luke\Snowden\Snowden-master\frontpage.php(2): include()
#1 D:\Inetpub\wwwroot\johng\jg_luke\Snowden\Snowden-master\index.php(22): include('D:\\Inetpub\\wwwr...')
#2 {main}
  thrown in D:\Inetpub\wwwroot\johng\jg_luke\Snowden\Snowden-master\scripts\story.php on line 5
[06-Dec-2019 15:14:05 Europe/London] PHP Fatal error:  Uncaught Error: Using $this when not in object context in D:\Inetpub\wwwroot\johng\jg_luke\Snowden\Snowden-master\scripts\story.php:5
Stack trace:
#0 D:\Inetpub\wwwroot\johng\jg_luke\Snowden\Snowden-master\frontpage.php(2): include()
#1 D:\Inetpub\wwwroot\johng\jg_luke\Snowden\Snowden-master\index.php(22): include('D:\\Inetpub\\wwwr...')
#2 {main}
  thrown in D:\Inetpub\wwwroot\johng\jg_luke\Snowden\Snowden-master\scripts\story.php on line 5
[06-Dec-2019 15:14:37 Europe/London] PHP Notice:  Undefined variable: mysqlConnection in D:\Inetpub\wwwroot\johng\jg_luke\Snowden\Snowden-master\scripts\story.php on line 5
[06-Dec-2019 15:14:37 Europe/London] PHP Fatal error:  Uncaught Error: Call to a member function query() on null in D:\Inetpub\wwwroot\johng\jg_luke\Snowden\Snowden-master\scripts\story.php:5
Stack trace:
#0 D:\Inetpub\wwwroot\johng\jg_luke\Snowden\Snowden-master\frontpage.php(2): include()
#1 D:\Inetpub\wwwroot\johng\jg_luke\Snowden\Snowden-master\index.php(22): include('D:\\Inetpub\\wwwr...')
#2 {main}
  thrown in D:\Inetpub\wwwroot\johng\jg_luke\Snowden\Snowden-master\scripts\story.php on line 5
[06-Dec-2019 15:16:02 Europe/London] PHP Notice:  Undefined variable: mysqlConnection in D:\Inetpub\wwwroot\johng\jg_luke\Snowden\Snowden-master\scripts\story.php on line 5
[06-Dec-2019 15:16:02 Europe/London] PHP Fatal error:  Uncaught Error: Call to a member function query() on null in D:\Inetpub\wwwroot\johng\jg_luke\Snowden\Snowden-master\scripts\story.php:5
Stack trace:
#0 D:\Inetpub\wwwroot\johng\jg_luke\Snowden\Snowden-master\frontpage.php(2): include()
#1 D:\Inetpub\wwwroot\johng\jg_luke\Snowden\Snowden-master\index.php(22): include('D:\\Inetpub\\wwwr...')
#2 {main}
  thrown in D:\Inetpub\wwwroot\johng\jg_luke\Snowden\Snowden-master\scripts\story.php on line 5
[06-Dec-2019 15:17:00 Europe/London] PHP Fatal error:  Uncaught Error: Using $this when not in object context in D:\Inetpub\wwwroot\johng\jg_luke\Snowden\Snowden-master\scripts\story.php:5
Stack trace:
#0 D:\Inetpub\wwwroot\johng\jg_luke\Snowden\Snowden-master\frontpage.php(2): include()
#1 D:\Inetpub\wwwroot\johng\jg_luke\Snowden\Snowden-master\index.php(22): include('D:\\Inetpub\\wwwr...')
#2 {main}
  thrown in D:\Inetpub\wwwroot\johng\jg_luke\Snowden\Snowden-master\scripts\story.php on line 5
[06-Dec-2019 15:18:38 Europe/London] PHP Fatal error:  Uncaught Error: Using $this when not in object context in D:\Inetpub\wwwroot\johng\jg_luke\Snowden\Snowden-master\scripts\story.php:5
Stack trace:
#0 D:\Inetpub\wwwroot\johng\jg_luke\Snowden\Snowden-master\frontpage.php(2): include()
#1 D:\Inetpub\wwwroot\johng\jg_luke\Snowden\Snowden-master\index.php(22): include('D:\\Inetpub\\wwwr...')
#2 {main}
  thrown in D:\Inetpub\wwwroot\johng\jg_luke\Snowden\Snowden-master\scripts\story.php on line 5
[06-Dec-2019 15:18:39 Europe/London] PHP Fatal error:  Uncaught Error: Using $this when not in object context in D:\Inetpub\wwwroot\johng\jg_luke\Snowden\Snowden-master\scripts\story.php:5
Stack trace:
#0 D:\Inetpub\wwwroot\johng\jg_luke\Snowden\Snowden-master\frontpage.php(2): include()
#1 D:\Inetpub\wwwroot\johng\jg_luke\Snowden\Snowden-master\index.php(22): include('D:\\Inetpub\\wwwr...')
#2 {main}
  thrown in D:\Inetpub\wwwroot\johng\jg_luke\Snowden\Snowden-master\scripts\story.php on line 5
[06-Dec-2019 15:18:39 Europe/London] PHP Fatal error:  Uncaught Error: Using $this when not in object context in D:\Inetpub\wwwroot\johng\jg_luke\Snowden\Snowden-master\scripts\story.php:5
Stack trace:
#0 D:\Inetpub\wwwroot\johng\jg_luke\Snowden\Snowden-master\frontpage.php(2): include()
#1 D:\Inetpub\wwwroot\johng\jg_luke\Snowden\Snowden-master\index.php(22): include('D:\\Inetpub\\wwwr...')
#2 {main}
  thrown in D:\Inetpub\wwwroot\johng\jg_luke\Snowden\Snowden-master\scripts\story.php on line 5
[06-Dec-2019 15:18:45 Europe/London] PHP Notice:  Undefined variable: mysqlConnection in D:\Inetpub\wwwroot\johng\jg_luke\Snowden\Snowden-master\scripts\story.php on line 5
[06-Dec-2019 15:18:45 Europe/London] PHP Warning:  mysqli_query() expects parameter 1 to be mysqli, null given in D:\Inetpub\wwwroot\johng\jg_luke\Snowden\Snowden-master\scripts\story.php on line 5
[06-Dec-2019 15:18:45 Europe/London] PHP Warning:  Invalid argument supplied for foreach() in D:\Inetpub\wwwroot\johng\jg_luke\Snowden\Snowden-master\scripts\story.php on line 7
[06-Dec-2019 15:18:45 Europe/London] PHP Warning:  Invalid argument supplied for foreach() in D:\Inetpub\wwwroot\johng\jg_luke\Snowden\Snowden-master\frontpage.php on line 11
[06-Dec-2019 15:19:04 Europe/London] PHP Notice:  Undefined variable: mysqli in D:\Inetpub\wwwroot\johng\jg_luke\Snowden\Snowden-master\scripts\story.php on line 5
[06-Dec-2019 15:19:04 Europe/London] PHP Notice:  Undefined variable: mysqlConnection in D:\Inetpub\wwwroot\johng\jg_luke\Snowden\Snowden-master\scripts\story.php on line 5
[06-Dec-2019 15:19:04 Europe/London] PHP Warning:  mysqli_query() expects parameter 1 to be mysqli, null given in D:\Inetpub\wwwroot\johng\jg_luke\Snowden\Snowden-master\scripts\story.php on line 5
[06-Dec-2019 15:19:04 Europe/London] PHP Warning:  Invalid argument supplied for foreach() in D:\Inetpub\wwwroot\johng\jg_luke\Snowden\Snowden-master\scripts\story.php on line 7
[06-Dec-2019 15:19:04 Europe/London] PHP Warning:  Invalid argument supplied for foreach() in D:\Inetpub\wwwroot\johng\jg_luke\Snowden\Snowden-master\frontpage.php on line 11
